c:\users\administrador\documents\github\island51\island_51_solution\island_51\x64\debug\vc143.pdb
c:\users\administrador\documents\github\island51\island_51_solution\island_51\x64\debug\vc143.idb
c:\users\administrador\documents\github\island51\island_51_solution\island_51\x64\debug\update.obj
c:\users\administrador\documents\github\island51\island_51_solution\island_51\x64\debug\tools.obj
c:\users\administrador\documents\github\island51\island_51_solution\island_51\x64\debug\textureholder.obj
c:\users\administrador\documents\github\island51\island_51_solution\island_51\x64\debug\statsmanager.obj
c:\users\administrador\documents\github\island51\island_51_solution\island_51\x64\debug\sprites.obj
c:\users\administrador\documents\github\island51\island_51_solution\island_51\x64\debug\soundengine.obj
c:\users\administrador\documents\github\island51\island_51_solution\island_51\x64\debug\player.obj
c:\users\administrador\documents\github\island51\island_51_solution\island_51\x64\debug\pickup.obj
c:\users\administrador\documents\github\island51\island_51_solution\island_51\x64\debug\main.obj
c:\users\administrador\documents\github\island51\island_51_solution\island_51\x64\debug\levelmanager.obj
c:\users\administrador\documents\github\island51\island_51_solution\island_51\x64\debug\hud.obj
c:\users\administrador\documents\github\island51\island_51_solution\island_51\x64\debug\handleinput.obj
c:\users\administrador\documents\github\island51\island_51_solution\island_51\x64\debug\detectcollisions.obj
c:\users\administrador\documents\github\island51\island_51_solution\island_51\x64\debug\engine.obj
c:\users\administrador\documents\github\island51\island_51_solution\island_51\x64\debug\draw.obj
c:\users\administrador\documents\github\island51\island_51_solution\island_51\x64\debug\createhorde.obj
c:\users\administrador\documents\github\island51\island_51_solution\island_51\x64\debug\craft.obj
c:\users\administrador\documents\github\island51\island_51_solution\island_51\x64\debug\collisions.obj
c:\users\administrador\documents\github\island51\island_51_solution\island_51\x64\debug\bullet.obj
c:\users\administrador\documents\github\island51\island_51_solution\island_51\x64\debug\behaviour.obj
c:\users\administrador\documents\github\island51\island_51_solution\island_51\x64\debug\zombie.obj
c:\users\administrador\documents\github\island51\island_51_solution\island_51\x64\debug\weapons.obj
c:\users\administrador\documents\github\island51\island_51_solution\x64\debug\island_51.exe
c:\users\administrador\documents\github\island51\island_51_solution\island_51\x64\debug\island_51.ilk
c:\users\administrador\documents\github\island51\island_51_solution\x64\debug\island_51.pdb
c:\users\administrador\documents\github\island51\island_51_solution\island_51\x64\debug\island_51.tlog\cl.command.1.tlog
c:\users\administrador\documents\github\island51\island_51_solution\island_51\x64\debug\island_51.tlog\cl.read.1.tlog
c:\users\administrador\documents\github\island51\island_51_solution\island_51\x64\debug\island_51.tlog\cl.write.1.tlog
c:\users\administrador\documents\github\island51\island_51_solution\island_51\x64\debug\island_51.tlog\link.command.1.tlog
c:\users\administrador\documents\github\island51\island_51_solution\island_51\x64\debug\island_51.tlog\link.read.1.tlog
c:\users\administrador\documents\github\island51\island_51_solution\island_51\x64\debug\island_51.tlog\link.write.1.tlog
