  Bullet.cpp
C:\Users\Admin\Documents\GitHub\Island51\Island_51_Solution\Island_51\code\Bullet.cpp(102,12): warning C4244: '=': conversion from 'int' to 'float', possible loss of data
C:\Users\Admin\Documents\GitHub\Island51\Island_51_Solution\Island_51\code\Bullet.cpp(106,9): warning C4244: 'return': conversion from 'float' to 'int', possible loss of data
  CaveGeneration.cpp
C:\Users\Admin\Documents\GitHub\Island51\Island_51_Solution\Island_51\code\Engine.h(106,29): warning C4305: 'initializing': truncation from '__int64' to 'int'
C:\Users\Admin\Documents\GitHub\Island51\Island_51_Solution\Island_51\code\Engine.h(106,29): warning C4309: 'initializing': truncation of constant value
C:\Users\Admin\Documents\GitHub\Island51\Island_51_Solution\Island_51\code\Engine.h(107,26): warning C4305: 'initializing': truncation from 'double' to 'float'
C:\Users\Admin\Documents\GitHub\Island51\Island_51_Solution\Island_51\code\Engine.h(111,31): warning C4305: 'initializing': truncation from 'double' to 'float'
C:\Users\Admin\Documents\GitHub\Island51\Island_51_Solution\Island_51\code\Engine.h(361,2): warning C4091: 'static ': ignored on left of 'Engine' when no variable is declared
C:\Users\Admin\Documents\GitHub\Island51\Island_51_Solution\Island_51\code\CaveGeneration.cpp(7,13): warning C4091: '': ignored on left of 'std::basic_ostream<char,std::char_traits<char>>' when no variable is declared
C:\Users\Admin\Documents\GitHub\Island51\Island_51_Solution\Island_51\code\CaveGeneration.cpp(184,31): warning C4244: 'argument': conversion from 'int' to 'T', possible loss of data
          with
          [
              T=float
          ]
C:\Users\Admin\Documents\GitHub\Island51\Island_51_Solution\Island_51\code\CaveGeneration.cpp(184,16): warning C4244: 'argument': conversion from 'int' to 'T', possible loss of data
          with
          [
              T=float
          ]
C:\Users\Admin\Documents\GitHub\Island51\Island_51_Solution\Island_51\code\CaveGeneration.cpp(187,45): warning C4244: 'argument': conversion from 'int' to 'T', possible loss of data
          with
          [
              T=float
          ]
C:\Users\Admin\Documents\GitHub\Island51\Island_51_Solution\Island_51\code\CaveGeneration.cpp(187,30): warning C4244: 'argument': conversion from 'int' to 'T', possible loss of data
          with
          [
              T=float
          ]
C:\Users\Admin\Documents\GitHub\Island51\Island_51_Solution\Island_51\code\CaveGeneration.cpp(190,59): warning C4244: 'argument': conversion from 'int' to 'T', possible loss of data
          with
          [
              T=float
          ]
C:\Users\Admin\Documents\GitHub\Island51\Island_51_Solution\Island_51\code\CaveGeneration.cpp(190,30): warning C4244: 'argument': conversion from 'int' to 'T', possible loss of data
          with
          [
              T=float
          ]
C:\Users\Admin\Documents\GitHub\Island51\Island_51_Solution\Island_51\code\CaveGeneration.cpp(193,47): warning C4244: 'argument': conversion from 'int' to 'T', possible loss of data
          with
          [
              T=float
          ]
C:\Users\Admin\Documents\GitHub\Island51\Island_51_Solution\Island_51\code\CaveGeneration.cpp(193,17): warning C4244: 'argument': conversion from 'int' to 'T', possible loss of data
          with
          [
              T=float
          ]
C:\Users\Admin\Documents\GitHub\Island51\Island_51_Solution\Island_51\code\CaveGeneration.cpp(199,19): warning C4244: 'argument': conversion from 'int' to 'T', possible loss of data
          with
          [
              T=float
          ]
C:\Users\Admin\Documents\GitHub\Island51\Island_51_Solution\Island_51\code\CaveGeneration.cpp(202,27): warning C4244: 'argument': conversion from 'int' to 'T', possible loss of data
          with
          [
              T=float
          ]
C:\Users\Admin\Documents\GitHub\Island51\Island_51_Solution\Island_51\code\CaveGeneration.cpp(205,35): warning C4244: 'argument': conversion from 'int' to 'T', possible loss of data
          with
          [
              T=float
          ]
C:\Users\Admin\Documents\GitHub\Island51\Island_51_Solution\Island_51\code\CaveGeneration.cpp(208,27): warning C4244: 'argument': conversion from 'int' to 'T', possible loss of data
          with
          [
              T=float
          ]
  Craft.cpp
  CreateHorde.cpp
C:\Users\Admin\Documents\GitHub\Island51\Island_51_Solution\Island_51\code\Engine.h(106,29): warning C4305: 'initializing': truncation from '__int64' to 'int'
C:\Users\Admin\Documents\GitHub\Island51\Island_51_Solution\Island_51\code\Engine.h(106,29): warning C4309: 'initializing': truncation of constant value
C:\Users\Admin\Documents\GitHub\Island51\Island_51_Solution\Island_51\code\Engine.h(107,26): warning C4305: 'initializing': truncation from 'double' to 'float'
C:\Users\Admin\Documents\GitHub\Island51\Island_51_Solution\Island_51\code\Engine.h(111,31): warning C4305: 'initializing': truncation from 'double' to 'float'
C:\Users\Admin\Documents\GitHub\Island51\Island_51_Solution\Island_51\code\Engine.h(361,2): warning C4091: 'static ': ignored on left of 'Engine' when no variable is declared
C:\Users\Admin\Documents\GitHub\Island51\Island_51_Solution\Island_51\code\CreateHorde.cpp(32,8): warning C4244: '=': conversion from 'int' to 'float', possible loss of data
C:\Users\Admin\Documents\GitHub\Island51\Island_51_Solution\Island_51\code\CreateHorde.cpp(33,24): warning C4244: '=': conversion from 'int' to 'float', possible loss of data
C:\Users\Admin\Documents\GitHub\Island51\Island_51_Solution\Island_51\code\CreateHorde.cpp(38,8): warning C4244: '=': conversion from 'int' to 'float', possible loss of data
C:\Users\Admin\Documents\GitHub\Island51\Island_51_Solution\Island_51\code\CreateHorde.cpp(39,24): warning C4244: '=': conversion from 'int' to 'float', possible loss of data
C:\Users\Admin\Documents\GitHub\Island51\Island_51_Solution\Island_51\code\CreateHorde.cpp(44,24): warning C4244: '=': conversion from 'int' to 'float', possible loss of data
C:\Users\Admin\Documents\GitHub\Island51\Island_51_Solution\Island_51\code\CreateHorde.cpp(45,8): warning C4244: '=': conversion from 'int' to 'float', possible loss of data
C:\Users\Admin\Documents\GitHub\Island51\Island_51_Solution\Island_51\code\CreateHorde.cpp(50,24): warning C4244: '=': conversion from 'int' to 'float', possible loss of data
C:\Users\Admin\Documents\GitHub\Island51\Island_51_Solution\Island_51\code\CreateHorde.cpp(51,8): warning C4244: '=': conversion from 'int' to 'float', possible loss of data
C:\Users\Admin\Documents\GitHub\Island51\Island_51_Solution\Island_51\code\CreateHorde.cpp(66,47): warning C4244: 'argument': conversion from 'T' to 'float', possible loss of data
          with
          [
              T=int
          ]
C:\Users\Admin\Documents\GitHub\Island51\Island_51_Solution\Island_51\code\CreateHorde.cpp(66,30): warning C4244: 'argument': conversion from 'T' to 'float', possible loss of data
          with
          [
              T=int
          ]
C:\Users\Admin\Documents\GitHub\Island51\Island_51_Solution\Island_51\code\CreateHorde.cpp(80,11): warning C4244: 'initializing': conversion from 'T' to 'int', possible loss of data
          with
          [
              T=float
          ]
C:\Users\Admin\Documents\GitHub\Island51\Island_51_Solution\Island_51\code\CreateHorde.cpp(81,11): warning C4244: 'initializing': conversion from 'T' to 'int', possible loss of data
          with
          [
              T=float
          ]
C:\Users\Admin\Documents\GitHub\Island51\Island_51_Solution\Island_51\code\CreateHorde.cpp(87,35): warning C4244: 'argument': conversion from 'int' to 'float', possible loss of data
C:\Users\Admin\Documents\GitHub\Island51\Island_51_Solution\Island_51\code\CreateHorde.cpp(87,25): warning C4244: 'argument': conversion from 'int' to 'float', possible loss of data
C:\Users\Admin\Documents\GitHub\Island51\Island_51_Solution\Island_51\code\CreateHorde.cpp(88,31): warning C4244: 'argument': conversion from 'int' to 'float', possible loss of data
C:\Users\Admin\Documents\GitHub\Island51\Island_51_Solution\Island_51\code\CreateHorde.cpp(88,20): warning C4244: 'argument': conversion from 'int' to 'float', possible loss of data
C:\Users\Admin\Documents\GitHub\Island51\Island_51_Solution\Island_51\code\CreateHorde.cpp(89,31): warning C4244: 'argument': conversion from 'int' to 'float', possible loss of data
C:\Users\Admin\Documents\GitHub\Island51\Island_51_Solution\Island_51\code\CreateHorde.cpp(89,20): warning C4244: 'argument': conversion from 'int' to 'float', possible loss of data
C:\Users\Admin\Documents\GitHub\Island51\Island_51_Solution\Island_51\code\CreateHorde.cpp(90,35): warning C4244: 'argument': conversion from 'int' to 'float', possible loss of data
C:\Users\Admin\Documents\GitHub\Island51\Island_51_Solution\Island_51\code\CreateHorde.cpp(90,25): warning C4244: 'argument': conversion from 'int' to 'float', possible loss of data
C:\Users\Admin\Documents\GitHub\Island51\Island_51_Solution\Island_51\code\CreateHorde.cpp(104,8): warning C4244: 'initializing': conversion from 'T' to 'int', possible loss of data
          with
          [
              T=float
          ]
C:\Users\Admin\Documents\GitHub\Island51\Island_51_Solution\Island_51\code\CreateHorde.cpp(105,8): warning C4244: 'initializing': conversion from 'T' to 'int', possible loss of data
          with
          [
              T=float
          ]
C:\Users\Admin\Documents\GitHub\Island51\Island_51_Solution\Island_51\code\CreateHorde.cpp(113,20): warning C4244: 'argument': conversion from 'int' to 'float', possible loss of data
C:\Users\Admin\Documents\GitHub\Island51\Island_51_Solution\Island_51\code\CreateHorde.cpp(113,17): warning C4244: 'argument': conversion from 'int' to 'float', possible loss of data
  Draw.cpp
C:\Users\Admin\Documents\GitHub\Island51\Island_51_Solution\Island_51\code\Engine.h(106,29): warning C4305: 'initializing': truncation from '__int64' to 'int'
C:\Users\Admin\Documents\GitHub\Island51\Island_51_Solution\Island_51\code\Engine.h(106,29): warning C4309: 'initializing': truncation of constant value
C:\Users\Admin\Documents\GitHub\Island51\Island_51_Solution\Island_51\code\Engine.h(107,26): warning C4305: 'initializing': truncation from 'double' to 'float'
C:\Users\Admin\Documents\GitHub\Island51\Island_51_Solution\Island_51\code\Engine.h(111,31): warning C4305: 'initializing': truncation from 'double' to 'float'
C:\Users\Admin\Documents\GitHub\Island51\Island_51_Solution\Island_51\code\Engine.h(361,2): warning C4091: 'static ': ignored on left of 'Engine' when no variable is declared
  Engine.cpp
C:\Users\Admin\Documents\GitHub\Island51\Island_51_Solution\Island_51\code\Engine.h(106,29): warning C4305: 'initializing': truncation from '__int64' to 'int'
C:\Users\Admin\Documents\GitHub\Island51\Island_51_Solution\Island_51\code\Engine.h(106,29): warning C4309: 'initializing': truncation of constant value
C:\Users\Admin\Documents\GitHub\Island51\Island_51_Solution\Island_51\code\Engine.h(107,26): warning C4305: 'initializing': truncation from 'double' to 'float'
C:\Users\Admin\Documents\GitHub\Island51\Island_51_Solution\Island_51\code\Engine.h(111,31): warning C4305: 'initializing': truncation from 'double' to 'float'
C:\Users\Admin\Documents\GitHub\Island51\Island_51_Solution\Island_51\code\Engine.h(361,2): warning C4091: 'static ': ignored on left of 'Engine' when no variable is declared
C:\Users\Admin\Documents\GitHub\Island51\Island_51_Solution\Island_51\code\Engine.cpp(10,44): warning C4244: '=': conversion from 'unsigned int' to 'T', possible loss of data
          with
          [
              T=float
          ]
C:\Users\Admin\Documents\GitHub\Island51\Island_51_Solution\Island_51\code\Engine.cpp(11,44): warning C4244: '=': conversion from 'unsigned int' to 'T', possible loss of data
          with
          [
              T=float
          ]
C:\Users\Admin\Documents\GitHub\Island51\Island_51_Solution\Island_51\code\Engine.cpp(15,52): warning C4244: 'argument': conversion from 'T' to 'unsigned int', possible loss of data
          with
          [
              T=float
          ]
C:\Users\Admin\Documents\GitHub\Island51\Island_51_Solution\Island_51\code\Engine.cpp(15,38): warning C4244: 'argument': conversion from 'T' to 'unsigned int', possible loss of data
          with
          [
              T=float
          ]
C:\Users\Admin\Documents\GitHub\Island51\Island_51_Solution\Island_51\code\Engine.cpp(21,58): warning C4244: 'argument': conversion from 'T' to 'float', possible loss of data
          with
          [
              T=unsigned int
          ]
C:\Users\Admin\Documents\GitHub\Island51\Island_51_Solution\Island_51\code\Engine.cpp(21,36): warning C4244: 'argument': conversion from 'T' to 'float', possible loss of data
          with
          [
              T=unsigned int
          ]
C:\Users\Admin\Documents\GitHub\Island51\Island_51_Solution\Island_51\code\Engine.cpp(37,72): warning C4244: 'argument': conversion from 'double' to 'float', possible loss of data
C:\Users\Admin\Documents\GitHub\Island51\Island_51_Solution\Island_51\code\Engine.cpp(43,70): warning C4244: 'argument': conversion from 'double' to 'float', possible loss of data
C:\Users\Admin\Documents\GitHub\Island51\Island_51_Solution\Island_51\code\Engine.cpp(74,31): warning C4305: 'argument': truncation from 'double' to 'float'
C:\Users\Admin\Documents\GitHub\Island51\Island_51_Solution\Island_51\code\Engine.cpp(74,27): warning C4305: 'argument': truncation from 'double' to 'float'
C:\Users\Admin\Documents\GitHub\Island51\Island_51_Solution\Island_51\code\Engine.cpp(79,28): warning C4305: 'argument': truncation from 'double' to 'float'
C:\Users\Admin\Documents\GitHub\Island51\Island_51_Solution\Island_51\code\Engine.cpp(79,23): warning C4305: 'argument': truncation from 'double' to 'float'
C:\Users\Admin\Documents\GitHub\Island51\Island_51_Solution\Island_51\code\Engine.cpp(102,53): warning C4244: 'argument': conversion from 'T' to 'float', possible loss of data
          with
          [
              T=int
          ]
C:\Users\Admin\Documents\GitHub\Island51\Island_51_Solution\Island_51\code\Engine.cpp(102,36): warning C4244: 'argument': conversion from 'T' to 'float', possible loss of data
          with
          [
              T=int
          ]
C:\Users\Admin\Documents\GitHub\Island51\Island_51_Solution\Island_51\code\Engine.cpp(103,53): warning C4244: 'argument': conversion from 'T' to 'float', possible loss of data
          with
          [
              T=int
          ]
C:\Users\Admin\Documents\GitHub\Island51\Island_51_Solution\Island_51\code\Engine.cpp(103,36): warning C4244: 'argument': conversion from 'T' to 'float', possible loss of data
          with
          [
              T=int
          ]
C:\Users\Admin\Documents\GitHub\Island51\Island_51_Solution\Island_51\code\Engine.cpp(114,28): warning C4305: 'argument': truncation from 'double' to 'float'
C:\Users\Admin\Documents\GitHub\Island51\Island_51_Solution\Island_51\code\Engine.cpp(115,28): warning C4305: 'argument': truncation from 'double' to 'float'
C:\Users\Admin\Documents\GitHub\Island51\Island_51_Solution\Island_51\code\Engine.cpp(116,28): warning C4305: 'argument': truncation from 'double' to 'float'
C:\Users\Admin\Documents\GitHub\Island51\Island_51_Solution\Island_51\code\Engine.cpp(117,28): warning C4305: 'argument': truncation from 'double' to 'float'
C:\Users\Admin\Documents\GitHub\Island51\Island_51_Solution\Island_51\code\Engine.cpp(118,28): warning C4305: 'argument': truncation from 'double' to 'float'
  DetectCollisions.cpp
C:\Users\Admin\Documents\GitHub\Island51\Island_51_Solution\Island_51\code\Engine.h(106,29): warning C4305: 'initializing': truncation from '__int64' to 'int'
C:\Users\Admin\Documents\GitHub\Island51\Island_51_Solution\Island_51\code\Engine.h(106,29): warning C4309: 'initializing': truncation of constant value
C:\Users\Admin\Documents\GitHub\Island51\Island_51_Solution\Island_51\code\Engine.h(107,26): warning C4305: 'initializing': truncation from 'double' to 'float'
C:\Users\Admin\Documents\GitHub\Island51\Island_51_Solution\Island_51\code\Engine.h(111,31): warning C4305: 'initializing': truncation from 'double' to 'float'
C:\Users\Admin\Documents\GitHub\Island51\Island_51_Solution\Island_51\code\Engine.h(361,2): warning C4091: 'static ': ignored on left of 'Engine' when no variable is declared
C:\Users\Admin\Documents\GitHub\Island51\Island_51_Solution\Island_51\code\DetectCollisions.cpp(3,10): warning C4067: unexpected tokens following preprocessor directive - expected a newline
C:\Users\Admin\Documents\GitHub\Island51\Island_51_Solution\Island_51\code\DetectCollisions.cpp(14,16): warning C4244: '=': conversion from 'const int' to 'T', possible loss of data
          with
          [
              T=float
          ]
C:\Users\Admin\Documents\GitHub\Island51\Island_51_Solution\Island_51\code\DetectCollisions.cpp(15,17): warning C4244: '=': conversion from 'const int' to 'T', possible loss of data
          with
          [
              T=float
          ]
C:\Users\Admin\Documents\GitHub\Island51\Island_51_Solution\Island_51\code\DetectCollisions.cpp(51,95): warning C4244: 'argument': conversion from 'int' to 'T', possible loss of data
          with
          [
              T=float
          ]
C:\Users\Admin\Documents\GitHub\Island51\Island_51_Solution\Island_51\code\DetectCollisions.cpp(51,53): warning C4244: 'argument': conversion from 'int' to 'T', possible loss of data
          with
          [
              T=float
          ]
  HandleInput.cpp
C:\Users\Admin\Documents\GitHub\Island51\Island_51_Solution\Island_51\code\Engine.h(106,29): warning C4305: 'initializing': truncation from '__int64' to 'int'
C:\Users\Admin\Documents\GitHub\Island51\Island_51_Solution\Island_51\code\Engine.h(106,29): warning C4309: 'initializing': truncation of constant value
C:\Users\Admin\Documents\GitHub\Island51\Island_51_Solution\Island_51\code\Engine.h(107,26): warning C4305: 'initializing': truncation from 'double' to 'float'
C:\Users\Admin\Documents\GitHub\Island51\Island_51_Solution\Island_51\code\Engine.h(111,31): warning C4305: 'initializing': truncation from 'double' to 'float'
C:\Users\Admin\Documents\GitHub\Island51\Island_51_Solution\Island_51\code\Engine.h(361,2): warning C4091: 'static ': ignored on left of 'Engine' when no variable is declared
  HUD.cpp
C:\Users\Admin\Documents\GitHub\Island51\Island_51_Solution\Island_51\code\HUD.cpp(19,72): warning C4244: 'argument': conversion from 'T' to 'T', possible loss of data
          with
          [
              T=unsigned int
          ]
          and
          [
              T=float
          ]
C:\Users\Admin\Documents\GitHub\Island51\Island_51_Solution\Island_51\code\HUD.cpp(19,52): warning C4244: 'argument': conversion from 'T' to 'T', possible loss of data
          with
          [
              T=unsigned int
          ]
          and
          [
              T=float
          ]
C:\Users\Admin\Documents\GitHub\Island51\Island_51_Solution\Island_51\code\HUD.cpp(116,50): warning C4244: 'argument': conversion from 'T' to 'float', possible loss of data
          with
          [
              T=unsigned int
          ]
C:\Users\Admin\Documents\GitHub\Island51\Island_51_Solution\Island_51\code\HUD.cpp(121,56): warning C4244: 'argument': conversion from 'T' to 'float', possible loss of data
          with
          [
              T=unsigned int
          ]
C:\Users\Admin\Documents\GitHub\Island51\Island_51_Solution\Island_51\code\HUD.cpp(125,57): warning C4244: 'argument': conversion from 'T' to 'float', possible loss of data
          with
          [
              T=unsigned int
          ]
C:\Users\Admin\Documents\GitHub\Island51\Island_51_Solution\Island_51\code\HUD.cpp(129,57): warning C4244: 'argument': conversion from 'T' to 'float', possible loss of data
          with
          [
              T=unsigned int
          ]
C:\Users\Admin\Documents\GitHub\Island51\Island_51_Solution\Island_51\code\HUD.cpp(133,57): warning C4244: 'argument': conversion from 'T' to 'float', possible loss of data
          with
          [
              T=unsigned int
          ]
C:\Users\Admin\Documents\GitHub\Island51\Island_51_Solution\Island_51\code\HUD.cpp(137,57): warning C4244: 'argument': conversion from 'T' to 'float', possible loss of data
          with
          [
              T=unsigned int
          ]
C:\Users\Admin\Documents\GitHub\Island51\Island_51_Solution\Island_51\code\HUD.cpp(215,67): warning C4244: 'argument': conversion from 'T' to 'float', possible loss of data
          with
          [
              T=unsigned int
          ]
C:\Users\Admin\Documents\GitHub\Island51\Island_51_Solution\Island_51\code\HUD.cpp(215,47): warning C4244: 'argument': conversion from 'T' to 'float', possible loss of data
          with
          [
              T=unsigned int
          ]
C:\Users\Admin\Documents\GitHub\Island51\Island_51_Solution\Island_51\code\HUD.cpp(216,47): warning C4244: 'argument': conversion from 'T' to 'float', possible loss of data
          with
          [
              T=unsigned int
          ]
C:\Users\Admin\Documents\GitHub\Island51\Island_51_Solution\Island_51\code\HUD.cpp(230,63): warning C4244: 'argument': conversion from 'T' to 'float', possible loss of data
          with
          [
              T=unsigned int
          ]
C:\Users\Admin\Documents\GitHub\Island51\Island_51_Solution\Island_51\code\HUD.cpp(230,43): warning C4244: 'argument': conversion from 'T' to 'float', possible loss of data
          with
          [
              T=unsigned int
          ]
C:\Users\Admin\Documents\GitHub\Island51\Island_51_Solution\Island_51\code\HUD.cpp(236,55): warning C4244: 'argument': conversion from 'T' to 'float', possible loss of data
          with
          [
              T=unsigned int
          ]
C:\Users\Admin\Documents\GitHub\Island51\Island_51_Solution\Island_51\code\HUD.cpp(240,56): warning C4244: 'argument': conversion from 'T' to 'float', possible loss of data
          with
          [
              T=unsigned int
          ]
C:\Users\Admin\Documents\GitHub\Island51\Island_51_Solution\Island_51\code\HUD.cpp(244,56): warning C4244: 'argument': conversion from 'T' to 'float', possible loss of data
          with
          [
              T=unsigned int
          ]
C:\Users\Admin\Documents\GitHub\Island51\Island_51_Solution\Island_51\code\HUD.cpp(250,63): warning C4244: 'argument': conversion from 'T' to 'float', possible loss of data
          with
          [
              T=unsigned int
          ]
C:\Users\Admin\Documents\GitHub\Island51\Island_51_Solution\Island_51\code\HUD.cpp(250,43): warning C4244: 'argument': conversion from 'T' to 'float', possible loss of data
          with
          [
              T=unsigned int
          ]
C:\Users\Admin\Documents\GitHub\Island51\Island_51_Solution\Island_51\code\HUD.cpp(256,64): warning C4244: 'argument': conversion from 'T' to 'float', possible loss of data
          with
          [
              T=unsigned int
          ]
C:\Users\Admin\Documents\GitHub\Island51\Island_51_Solution\Island_51\code\HUD.cpp(256,44): warning C4244: 'argument': conversion from 'T' to 'float', possible loss of data
          with
          [
              T=unsigned int
          ]
C:\Users\Admin\Documents\GitHub\Island51\Island_51_Solution\Island_51\code\HUD.cpp(444,46): warning C4244: 'argument': conversion from 'float' to 'sf::Uint8', possible loss of data
  LevelManager.cpp
C:\Users\Admin\Documents\GitHub\Island51\Island_51_Solution\Island_51\code\LevelManager.cpp(13,12): warning C4244: 'argument': conversion from 'time_t' to 'unsigned int', possible loss of data
C:\Users\Admin\Documents\GitHub\Island51\Island_51_Solution\Island_51\code\LevelManager.cpp(34,26): warning C4267: '=': conversion from 'size_t' to 'T', possible loss of data
          with
          [
              T=int
          ]
C:\Users\Admin\Documents\GitHub\Island51\Island_51_Solution\Island_51\code\LevelManager.cpp(107,31): warning C4244: 'argument': conversion from 'int' to 'T', possible loss of data
          with
          [
              T=float
          ]
C:\Users\Admin\Documents\GitHub\Island51\Island_51_Solution\Island_51\code\LevelManager.cpp(107,16): warning C4244: 'argument': conversion from 'int' to 'T', possible loss of data
          with
          [
              T=float
          ]
C:\Users\Admin\Documents\GitHub\Island51\Island_51_Solution\Island_51\code\LevelManager.cpp(110,45): warning C4244: 'argument': conversion from 'int' to 'T', possible loss of data
          with
          [
              T=float
          ]
C:\Users\Admin\Documents\GitHub\Island51\Island_51_Solution\Island_51\code\LevelManager.cpp(110,30): warning C4244: 'argument': conversion from 'int' to 'T', possible loss of data
          with
          [
              T=float
          ]
C:\Users\Admin\Documents\GitHub\Island51\Island_51_Solution\Island_51\code\LevelManager.cpp(113,59): warning C4244: 'argument': conversion from 'int' to 'T', possible loss of data
          with
          [
              T=float
          ]
C:\Users\Admin\Documents\GitHub\Island51\Island_51_Solution\Island_51\code\LevelManager.cpp(113,30): warning C4244: 'argument': conversion from 'int' to 'T', possible loss of data
          with
          [
              T=float
          ]
C:\Users\Admin\Documents\GitHub\Island51\Island_51_Solution\Island_51\code\LevelManager.cpp(116,47): warning C4244: 'argument': conversion from 'int' to 'T', possible loss of data
          with
          [
              T=float
          ]
C:\Users\Admin\Documents\GitHub\Island51\Island_51_Solution\Island_51\code\LevelManager.cpp(116,17): warning C4244: 'argument': conversion from 'int' to 'T', possible loss of data
          with
          [
              T=float
          ]
C:\Users\Admin\Documents\GitHub\Island51\Island_51_Solution\Island_51\code\LevelManager.cpp(122,19): warning C4244: 'argument': conversion from 'int' to 'T', possible loss of data
          with
          [
              T=float
          ]
C:\Users\Admin\Documents\GitHub\Island51\Island_51_Solution\Island_51\code\LevelManager.cpp(125,27): warning C4244: 'argument': conversion from 'int' to 'T', possible loss of data
          with
          [
              T=float
          ]
C:\Users\Admin\Documents\GitHub\Island51\Island_51_Solution\Island_51\code\LevelManager.cpp(125,14): warning C4244: 'argument': conversion from 'const int' to 'T', possible loss of data
          with
          [
              T=float
          ]
C:\Users\Admin\Documents\GitHub\Island51\Island_51_Solution\Island_51\code\LevelManager.cpp(128,35): warning C4244: 'argument': conversion from 'int' to 'T', possible loss of data
          with
          [
              T=float
          ]
C:\Users\Admin\Documents\GitHub\Island51\Island_51_Solution\Island_51\code\LevelManager.cpp(128,14): warning C4244: 'argument': conversion from 'const int' to 'T', possible loss of data
          with
          [
              T=float
          ]
C:\Users\Admin\Documents\GitHub\Island51\Island_51_Solution\Island_51\code\LevelManager.cpp(131,27): warning C4244: 'argument': conversion from 'int' to 'T', possible loss of data
          with
          [
              T=float
          ]
  Main.cpp
C:\Users\Admin\Documents\GitHub\Island51\Island_51_Solution\Island_51\code\Engine.h(106,29): warning C4305: 'initializing': truncation from '__int64' to 'int'
C:\Users\Admin\Documents\GitHub\Island51\Island_51_Solution\Island_51\code\Engine.h(106,29): warning C4309: 'initializing': truncation of constant value
C:\Users\Admin\Documents\GitHub\Island51\Island_51_Solution\Island_51\code\Engine.h(107,26): warning C4305: 'initializing': truncation from 'double' to 'float'
C:\Users\Admin\Documents\GitHub\Island51\Island_51_Solution\Island_51\code\Engine.h(111,31): warning C4305: 'initializing': truncation from 'double' to 'float'
C:\Users\Admin\Documents\GitHub\Island51\Island_51_Solution\Island_51\code\Engine.h(361,2): warning C4091: 'static ': ignored on left of 'Engine' when no variable is declared
  Pickup.cpp
C:\Users\Admin\Documents\GitHub\Island51\Island_51_Solution\Island_51\code\Pickup.cpp(71,20): warning C4244: '=': conversion from 'const int' to 'float', possible loss of data
C:\Users\Admin\Documents\GitHub\Island51\Island_51_Solution\Island_51\code\Pickup.cpp(74,20): warning C4244: '=': conversion from 'const int' to 'float', possible loss of data
C:\Users\Admin\Documents\GitHub\Island51\Island_51_Solution\Island_51\code\Pickup.cpp(159,34): warning C4244: '+=': conversion from 'double' to 'int', possible loss of data
C:\Users\Admin\Documents\GitHub\Island51\Island_51_Solution\Island_51\code\Pickup.cpp(164,32): warning C4244: '+=': conversion from 'double' to 'int', possible loss of data
  Player.cpp
C:\Users\Admin\Documents\GitHub\Island51\Island_51_Solution\Island_51\code\Player.cpp(44,29): warning C4244: '=': conversion from 'int' to 'T', possible loss of data
          with
          [
              T=float
          ]
C:\Users\Admin\Documents\GitHub\Island51\Island_51_Solution\Island_51\code\Player.cpp(45,30): warning C4244: '=': conversion from 'int' to 'T', possible loss of data
          with
          [
              T=float
          ]
C:\Users\Admin\Documents\GitHub\Island51\Island_51_Solution\Island_51\code\Player.cpp(117,9): warning C4244: 'return': conversion from 'float' to 'int', possible loss of data
C:\Users\Admin\Documents\GitHub\Island51\Island_51_Solution\Island_51\code\Player.cpp(209,14): warning C4244: 'initializing': conversion from 'double' to 'float', possible loss of data
C:\Users\Admin\Documents\GitHub\Island51\Island_51_Solution\Island_51\code\Player.cpp(216,22): warning C4244: 'initializing': conversion from 'double' to 'float', possible loss of data
C:\Users\Admin\Documents\GitHub\Island51\Island_51_Solution\Island_51\code\Player.cpp(217,22): warning C4244: 'initializing': conversion from 'double' to 'float', possible loss of data
C:\Users\Admin\Documents\GitHub\Island51\Island_51_Solution\Island_51\code\Player.cpp(243,21): warning C4244: '=': conversion from 'double' to 'T', possible loss of data
          with
          [
              T=float
          ]
C:\Users\Admin\Documents\GitHub\Island51\Island_51_Solution\Island_51\code\Player.cpp(248,22): warning C4244: '=': conversion from 'double' to 'T', possible loss of data
          with
          [
              T=float
          ]
C:\Users\Admin\Documents\GitHub\Island51\Island_51_Solution\Island_51\code\Player.cpp(250,28): warning C4244: '=': conversion from 'double' to 'T', possible loss of data
          with
          [
              T=float
          ]
C:\Users\Admin\Documents\GitHub\Island51\Island_51_Solution\Island_51\code\Player.cpp(253,21): warning C4244: '=': conversion from 'double' to 'T', possible loss of data
          with
          [
              T=float
          ]
C:\Users\Admin\Documents\GitHub\Island51\Island_51_Solution\Island_51\code\Player.cpp(255,27): warning C4244: '=': conversion from 'double' to 'T', possible loss of data
          with
          [
              T=float
          ]
C:\Users\Admin\Documents\GitHub\Island51\Island_51_Solution\Island_51\code\Player.cpp(263,26): warning C4244: '+=': conversion from 'double' to 'float', possible loss of data
C:\Users\Admin\Documents\GitHub\Island51\Island_51_Solution\Island_51\code\Player.cpp(440,22): warning C4244: '=': conversion from 'double' to 'T', possible loss of data
          with
          [
              T=float
          ]
C:\Users\Admin\Documents\GitHub\Island51\Island_51_Solution\Island_51\code\Player.cpp(442,28): warning C4244: '=': conversion from 'double' to 'T', possible loss of data
          with
          [
              T=float
          ]
C:\Users\Admin\Documents\GitHub\Island51\Island_51_Solution\Island_51\code\Player.cpp(446,21): warning C4244: '=': conversion from 'double' to 'T', possible loss of data
          with
          [
              T=float
          ]
C:\Users\Admin\Documents\GitHub\Island51\Island_51_Solution\Island_51\code\Player.cpp(448,27): warning C4244: '=': conversion from 'double' to 'T', possible loss of data
          with
          [
              T=float
          ]
  SoundEngine.cpp
C:\Users\Admin\Documents\GitHub\Island51\Island_51_Solution\Island_51\code\Engine.h(106,29): warning C4305: 'initializing': truncation from '__int64' to 'int'
C:\Users\Admin\Documents\GitHub\Island51\Island_51_Solution\Island_51\code\Engine.h(106,29): warning C4309: 'initializing': truncation of constant value
C:\Users\Admin\Documents\GitHub\Island51\Island_51_Solution\Island_51\code\Engine.h(107,26): warning C4305: 'initializing': truncation from 'double' to 'float'
C:\Users\Admin\Documents\GitHub\Island51\Island_51_Solution\Island_51\code\Engine.h(111,31): warning C4305: 'initializing': truncation from 'double' to 'float'
C:\Users\Admin\Documents\GitHub\Island51\Island_51_Solution\Island_51\code\Engine.h(361,2): warning C4091: 'static ': ignored on left of 'Engine' when no variable is declared
  TextureHolder.cpp
  Update.cpp
C:\Users\Admin\Documents\GitHub\Island51\Island_51_Solution\Island_51\code\Engine.h(106,29): warning C4305: 'initializing': truncation from '__int64' to 'int'
C:\Users\Admin\Documents\GitHub\Island51\Island_51_Solution\Island_51\code\Engine.h(106,29): warning C4309: 'initializing': truncation of constant value
C:\Users\Admin\Documents\GitHub\Island51\Island_51_Solution\Island_51\code\Engine.h(107,26): warning C4305: 'initializing': truncation from 'double' to 'float'
C:\Users\Admin\Documents\GitHub\Island51\Island_51_Solution\Island_51\code\Engine.h(111,31): warning C4305: 'initializing': truncation from 'double' to 'float'
C:\Users\Admin\Documents\GitHub\Island51\Island_51_Solution\Island_51\code\Engine.h(361,2): warning C4091: 'static ': ignored on left of 'Engine' when no variable is declared
C:\Users\Admin\Documents\GitHub\Island51\Island_51_Solution\Island_51\code\Update.cpp(346,42): warning C4244: 'initializing': conversion from 'int' to 'float', possible loss of data
C:\Users\Admin\Documents\GitHub\Island51\Island_51_Solution\Island_51\code\Update.cpp(348,109): warning C4244: 'argument': conversion from 'float' to 'int', possible loss of data
C:\Users\Admin\Documents\GitHub\Island51\Island_51_Solution\Island_51\code\Update.cpp(474,53): warning C4244: 'argument': conversion from 'int' to 'float', possible loss of data
C:\Users\Admin\Documents\GitHub\Island51\Island_51_Solution\Island_51\code\Update.cpp(488,82): warning C4244: 'argument': conversion from 'T' to 'T', possible loss of data
          with
          [
              T=int
          ]
          and
          [
              T=float
          ]
C:\Users\Admin\Documents\GitHub\Island51\Island_51_Solution\Island_51\code\Update.cpp(488,59): warning C4244: 'argument': conversion from 'T' to 'T', possible loss of data
          with
          [
              T=int
          ]
          and
          [
              T=float
          ]
C:\Users\Admin\Documents\GitHub\Island51\Island_51_Solution\Island_51\code\Update.cpp(499,81): warning C4244: 'argument': conversion from 'T' to 'T', possible loss of data
          with
          [
              T=int
          ]
          and
          [
              T=float
          ]
C:\Users\Admin\Documents\GitHub\Island51\Island_51_Solution\Island_51\code\Update.cpp(499,58): warning C4244: 'argument': conversion from 'T' to 'T', possible loss of data
          with
          [
              T=int
          ]
          and
          [
              T=float
          ]
  Weapons.cpp
  Zombie.cpp
C:\Users\Admin\Documents\GitHub\Island51\Island_51_Solution\Island_51\code\Zombie.cpp(81,17): warning C4244: 'initializing': conversion from 'int' to 'float', possible loss of data
C:\Users\Admin\Documents\GitHub\Island51\Island_51_Solution\Island_51\code\Zombie.cpp(313,14): warning C4244: 'initializing': conversion from 'double' to 'float', possible loss of data
C:\Users\Admin\Documents\GitHub\Island51\Island_51_Solution\Island_51\code\Zombie.cpp(334,9): warning C4244: 'initializing': conversion from 'float' to 'int', possible loss of data
C:\Users\Admin\Documents\GitHub\Island51\Island_51_Solution\Island_51\code\Zombie.cpp(335,9): warning C4244: 'initializing': conversion from 'float' to 'int', possible loss of data
C:\Users\Admin\Documents\GitHub\Island51\Island_51_Solution\Island_51\code\Zombie.cpp(336,9): warning C4244: 'initializing': conversion from 'T' to 'int', possible loss of data
          with
          [
              T=float
          ]
C:\Users\Admin\Documents\GitHub\Island51\Island_51_Solution\Island_51\code\Zombie.cpp(337,9): warning C4244: 'initializing': conversion from 'T' to 'int', possible loss of data
          with
          [
              T=float
          ]
  Generating Code...
C:\Users\Admin\Documents\GitHub\Island51\Island_51_Solution\Island_51\code\DetectCollisions.cpp(165): warning C4172: returning address of local variable or temporary: neighbourCheck
  Island_51.vcxproj -> C:\Users\Admin\Documents\GitHub\Island51\Island_51_Solution\x64\Debug\Island_51.exe
