  Behaviour.cpp
  Bullet.cpp
C:\Users\wongk\OneDrive\Documents\GitHub\Island51\Island_51_Solution\Island_51\code\Bullet.h(2,10): fatal  error C1083: Cannot open include file: 'SFML/Graphics.hpp': No such file or directory
  Collisions.cpp
C:\Users\wongk\OneDrive\Documents\GitHub\Island51\Island_51_Solution\Island_51\code\Collisions.h(2,10): fatal  error C1083: Cannot open include file: 'SFML/Graphics.hpp': No such file or directory
  CreateHorde.cpp
C:\Users\wongk\OneDrive\Documents\GitHub\Island51\Island_51_Solution\Island_51\code\Engine.h(5,10): fatal  error C1083: Cannot open include file: 'SFML/Graphics.hpp': No such file or directory
  Draw.cpp
C:\Users\wongk\OneDrive\Documents\GitHub\Island51\Island_51_Solution\Island_51\code\Engine.h(5,10): fatal  error C1083: Cannot open include file: 'SFML/Graphics.hpp': No such file or directory
  Engine.cpp
C:\Users\wongk\OneDrive\Documents\GitHub\Island51\Island_51_Solution\Island_51\code\Engine.h(5,10): fatal  error C1083: Cannot open include file: 'SFML/Graphics.hpp': No such file or directory
  HandleCollisions.cpp
  HandleInput.cpp
C:\Users\wongk\OneDrive\Documents\GitHub\Island51\Island_51_Solution\Island_51\code\Engine.h(5,10): fatal  error C1083: Cannot open include file: 'SFML/Graphics.hpp': No such file or directory
  LevelManager.cpp
C:\Users\wongk\OneDrive\Documents\GitHub\Island51\Island_51_Solution\Island_51\code\LevelManager.cpp(1,10): fatal  error C1083: Cannot open include file: 'SFML/Graphics.hpp': No such file or directory
  Main.cpp
C:\Users\wongk\OneDrive\Documents\GitHub\Island51\Island_51_Solution\Island_51\code\Engine.h(5,10): fatal  error C1083: Cannot open include file: 'SFML/Graphics.hpp': No such file or directory
  Pickup.cpp
C:\Users\wongk\OneDrive\Documents\GitHub\Island51\Island_51_Solution\Island_51\code\Pickup.h(2,10): fatal  error C1083: Cannot open include file: 'SFML/Graphics.hpp': No such file or directory
  Player.cpp
C:\Users\wongk\OneDrive\Documents\GitHub\Island51\Island_51_Solution\Island_51\code\Player.h(2,10): fatal  error C1083: Cannot open include file: 'SFML/Graphics.hpp': No such file or directory
  SoundEngine.cpp
C:\Users\wongk\OneDrive\Documents\GitHub\Island51\Island_51_Solution\Island_51\code\Engine.h(5,10): fatal  error C1083: Cannot open include file: 'SFML/Graphics.hpp': No such file or directory
  Sprites.cpp
  StatsManager.cpp
  TextureHolder.cpp
C:\Users\wongk\OneDrive\Documents\GitHub\Island51\Island_51_Solution\Island_51\code\TextureHolder.h(5,10): fatal  error C1083: Cannot open include file: 'SFML/Graphics.hpp': No such file or directory
  Tools.cpp
C:\Users\wongk\OneDrive\Documents\GitHub\Island51\Island_51_Solution\Island_51\code\Tools.h(3,10): fatal  error C1083: Cannot open include file: 'SFML/Graphics.hpp': No such file or directory
  Update.cpp
C:\Users\wongk\OneDrive\Documents\GitHub\Island51\Island_51_Solution\Island_51\code\Engine.h(5,10): fatal  error C1083: Cannot open include file: 'SFML/Graphics.hpp': No such file or directory
  Weapons.cpp
  Zombie.cpp
C:\Users\wongk\OneDrive\Documents\GitHub\Island51\Island_51_Solution\Island_51\code\zombie.h(2,10): fatal  error C1083: Cannot open include file: 'SFML/Graphics.hpp': No such file or directory
  Generating Code...
