c:\users\admin\onedrive - limerick institute of technology\gameplayprogramming\updated zombies\zombies-project-ca-kamil\zombies-project-ca-kamil\debug\vc143.pdb
c:\users\admin\onedrive - limerick institute of technology\gameplayprogramming\updated zombies\zombies-project-ca-kamil\zombies-project-ca-kamil\debug\vc143.idb
c:\users\admin\onedrive - limerick institute of technology\gameplayprogramming\updated zombies\zombies-project-ca-kamil\zombies-project-ca-kamil\debug\zombiearena.obj
c:\users\admin\onedrive - limerick institute of technology\gameplayprogramming\updated zombies\zombies-project-ca-kamil\zombies-project-ca-kamil\debug\zombie.obj
c:\users\admin\onedrive - limerick institute of technology\gameplayprogramming\updated zombies\zombies-project-ca-kamil\zombies-project-ca-kamil\debug\textureholder.obj
c:\users\admin\onedrive - limerick institute of technology\gameplayprogramming\updated zombies\zombies-project-ca-kamil\zombies-project-ca-kamil\debug\player.obj
c:\users\admin\onedrive - limerick institute of technology\gameplayprogramming\updated zombies\zombies-project-ca-kamil\zombies-project-ca-kamil\debug\pickup.obj
c:\users\admin\onedrive - limerick institute of technology\gameplayprogramming\updated zombies\zombies-project-ca-kamil\zombies-project-ca-kamil\debug\createhorde.obj
c:\users\admin\onedrive - limerick institute of technology\gameplayprogramming\updated zombies\zombies-project-ca-kamil\zombies-project-ca-kamil\debug\createbackground.obj
c:\users\admin\onedrive - limerick institute of technology\gameplayprogramming\updated zombies\zombies-project-ca-kamil\zombies-project-ca-kamil\debug\bullet.obj
c:\users\admin\documents\github\island51\island_51\zombies-project-ca-kamil\debug\vc143.pdb
c:\users\admin\documents\github\island51\island_51\zombies-project-ca-kamil\debug\vc143.idb
c:\users\admin\documents\github\island51\island_51\zombies-project-ca-kamil\debug\zombiearena.obj
c:\users\admin\documents\github\island51\island_51\zombies-project-ca-kamil\debug\zombie.obj
c:\users\admin\documents\github\island51\island_51\zombies-project-ca-kamil\debug\textureholder.obj
c:\users\admin\documents\github\island51\island_51\zombies-project-ca-kamil\debug\player.obj
c:\users\admin\documents\github\island51\island_51\zombies-project-ca-kamil\debug\pickup.obj
c:\users\admin\documents\github\island51\island_51\zombies-project-ca-kamil\debug\createhorde.obj
c:\users\admin\documents\github\island51\island_51\zombies-project-ca-kamil\debug\createbackground.obj
c:\users\admin\documents\github\island51\island_51\zombies-project-ca-kamil\debug\bullet.obj
c:\users\administrador\documents\github\island51\island_51\zombies-project-ca-kamil\debug\vc143.pdb
c:\users\administrador\documents\github\island51\island_51\zombies-project-ca-kamil\debug\vc143.idb
c:\users\administrador\documents\github\island51\island_51\zombies-project-ca-kamil\debug\zombiearena.obj
c:\users\administrador\documents\github\island51\island_51\zombies-project-ca-kamil\debug\zombie.obj
c:\users\administrador\documents\github\island51\island_51\zombies-project-ca-kamil\debug\textureholder.obj
c:\users\administrador\documents\github\island51\island_51\zombies-project-ca-kamil\debug\player.obj
c:\users\administrador\documents\github\island51\island_51\zombies-project-ca-kamil\debug\pickup.obj
c:\users\administrador\documents\github\island51\island_51\zombies-project-ca-kamil\debug\levelmanager.obj
c:\users\administrador\documents\github\island51\island_51\zombies-project-ca-kamil\debug\createhorde.obj
c:\users\administrador\documents\github\island51\island_51\zombies-project-ca-kamil\debug\collisions.obj
c:\users\administrador\documents\github\island51\island_51\zombies-project-ca-kamil\debug\bullet.obj
c:\users\admin\documents\github\island51\island_51\zombies-project-ca-kamil\debug\update.obj
c:\users\admin\documents\github\island51\island_51\zombies-project-ca-kamil\debug\tools.obj
c:\users\admin\documents\github\island51\island_51\zombies-project-ca-kamil\debug\texturehandler.obj
c:\users\admin\documents\github\island51\island_51\zombies-project-ca-kamil\debug\statsmanager.obj
c:\users\admin\documents\github\island51\island_51\zombies-project-ca-kamil\debug\sprites.obj
c:\users\admin\documents\github\island51\island_51\zombies-project-ca-kamil\debug\soundengine.obj
c:\users\admin\documents\github\island51\island_51\zombies-project-ca-kamil\debug\main.obj
c:\users\admin\documents\github\island51\island_51\zombies-project-ca-kamil\debug\handleinput.obj
c:\users\admin\documents\github\island51\island_51\zombies-project-ca-kamil\debug\handlecollisions.obj
c:\users\admin\documents\github\island51\island_51\zombies-project-ca-kamil\debug\gui.obj
c:\users\admin\documents\github\island51\island_51\zombies-project-ca-kamil\debug\engine.obj
c:\users\admin\documents\github\island51\island_51\zombies-project-ca-kamil\debug\draw.obj
c:\users\admin\documents\github\island51\island_51\zombies-project-ca-kamil\debug\collisions.obj
c:\users\admin\documents\github\island51\island_51\zombies-project-ca-kamil\debug\behaviour.obj
c:\users\admin\documents\github\island51\island_51\zombies-project-ca-kamil\debug\weapons.obj
c:\users\admin\documents\github\island51\island_51\zombies-project-ca-kamil\debug\levelmanager.obj
c:\users\admin\onedrive - limerick institute of technology\gameplayprogramming\updated zombies\zombies-project-ca-kamil\debug\zombies-project-ca-kamil.exe
c:\users\admin\onedrive - limerick institute of technology\gameplayprogramming\updated zombies\zombies-project-ca-kamil\zombies-project-ca-kamil\debug\zombies-project-ca-kamil.ilk
c:\users\admin\onedrive - limerick institute of technology\gameplayprogramming\updated zombies\zombies-project-ca-kamil\debug\zombies-project-ca-kamil.pdb
c:\users\admin\documents\github\island51\island_51\zombies-project-ca-kamil\debug\zombies-project-ca-kamil.ilk
c:\users\admin\documents\github\island51\island_51\debug\zombies-project-ca-kamil.exe
c:\users\admin\documents\github\island51\island_51\debug\zombies-project-ca-kamil.pdb
c:\users\admin\documents\github\island51\island_51\zombies-project-ca-kamil\debug\zombies-.e7c8d5c3.tlog\cl.command.1.tlog
c:\users\admin\documents\github\island51\island_51\zombies-project-ca-kamil\debug\zombies-.e7c8d5c3.tlog\cl.items.tlog
c:\users\admin\documents\github\island51\island_51\zombies-project-ca-kamil\debug\zombies-.e7c8d5c3.tlog\cl.read.1.tlog
c:\users\admin\documents\github\island51\island_51\zombies-project-ca-kamil\debug\zombies-.e7c8d5c3.tlog\cl.write.1.tlog
c:\users\admin\documents\github\island51\island_51\zombies-project-ca-kamil\debug\zombies-.e7c8d5c3.tlog\link-cvtres.read.1.tlog
c:\users\admin\documents\github\island51\island_51\zombies-project-ca-kamil\debug\zombies-.e7c8d5c3.tlog\link-cvtres.write.1.tlog
c:\users\admin\documents\github\island51\island_51\zombies-project-ca-kamil\debug\zombies-.e7c8d5c3.tlog\link-rc.read.1.tlog
c:\users\admin\documents\github\island51\island_51\zombies-project-ca-kamil\debug\zombies-.e7c8d5c3.tlog\link-rc.write.1.tlog
c:\users\admin\documents\github\island51\island_51\zombies-project-ca-kamil\debug\zombies-.e7c8d5c3.tlog\link.command.1.tlog
c:\users\admin\documents\github\island51\island_51\zombies-project-ca-kamil\debug\zombies-.e7c8d5c3.tlog\link.read.1.tlog
c:\users\admin\documents\github\island51\island_51\zombies-project-ca-kamil\debug\zombies-.e7c8d5c3.tlog\link.write.1.tlog
